<?xml version="1.0" encoding="UTF-8"?>
<robot generator="Robot 5.0.1 (Python 3.11.3 on win32)" generated="20230624 20:27:22.933" rpa="false" schemaversion="3">
<suite id="s1" name="Testes" source="C:\Users\DevBoti\Desktop\AMEPS-AUTOMATION\cases\testes.robot">
<kw name="Open App" library="global" type="SETUP">
<arg>${link}</arg>
<kw name="Evaluate" library="BuiltIn">
<var>${options}</var>
<arg>sys.modules['selenium.webdriver'].ChromeOptions()</arg>
<arg>sys, selenium.webdriver</arg>
<doc>Evaluates the given expression in Python and returns the result.</doc>
<msg timestamp="20230624 20:27:23.216" level="INFO">${options} = &lt;selenium.webdriver.chrome.options.Options object at 0x000001AA6EB1E610&gt;</msg>
<status status="PASS" starttime="20230624 20:27:23.215" endtime="20230624 20:27:23.216"/>
</kw>
<kw name="Create Dictionary" library="BuiltIn">
<var>${prefs}</var>
<arg>download.default_directory=${download_folder}</arg>
<arg>safebrowsing.enabled=false</arg>
<doc>Creates and returns a dictionary based on the given ``items``.</doc>
<msg timestamp="20230624 20:27:23.216" level="INFO">${prefs} = {'download.default_directory': 'C:\\Users\\DevBoti\\Desktop\\AMEPS-AUTOMATION\\resources\\temp', 'safebrowsing.enabled': 'false'}</msg>
<status status="PASS" starttime="20230624 20:27:23.216" endtime="20230624 20:27:23.216"/>
</kw>
<kw name="Call Method" library="BuiltIn">
<arg>${options}</arg>
<arg>add_argument</arg>
<arg>--start-maximized</arg>
<doc>Calls the named method of the given object with the provided arguments.</doc>
<status status="PASS" starttime="20230624 20:27:23.216" endtime="20230624 20:27:23.216"/>
</kw>
<kw name="Call Method" library="BuiltIn">
<arg>${options}</arg>
<arg>add_argument</arg>
<arg>--disable-web-security</arg>
<doc>Calls the named method of the given object with the provided arguments.</doc>
<status status="PASS" starttime="20230624 20:27:23.216" endtime="20230624 20:27:23.216"/>
</kw>
<kw name="Call Method" library="BuiltIn">
<arg>${options}</arg>
<arg>add_argument</arg>
<arg>--disable-notifications</arg>
<doc>Calls the named method of the given object with the provided arguments.</doc>
<status status="PASS" starttime="20230624 20:27:23.216" endtime="20230624 20:27:23.216"/>
</kw>
<kw name="Call Method" library="BuiltIn">
<arg>${options}</arg>
<arg>add_argument</arg>
<arg>--disable-logging</arg>
<doc>Calls the named method of the given object with the provided arguments.</doc>
<status status="PASS" starttime="20230624 20:27:23.217" endtime="20230624 20:27:23.217"/>
</kw>
<kw name="Call Method" library="BuiltIn">
<arg>${options}</arg>
<arg>add_argument</arg>
<arg>--enable-automation</arg>
<doc>Calls the named method of the given object with the provided arguments.</doc>
<status status="PASS" starttime="20230624 20:27:23.217" endtime="20230624 20:27:23.217"/>
</kw>
<kw name="Call Method" library="BuiltIn">
<arg>${options}</arg>
<arg>add_argument</arg>
<arg>--no-sandbox</arg>
<doc>Calls the named method of the given object with the provided arguments.</doc>
<status status="PASS" starttime="20230624 20:27:23.217" endtime="20230624 20:27:23.217"/>
</kw>
<kw name="Call Method" library="BuiltIn">
<arg>${options}</arg>
<arg>add_argument</arg>
<arg>--disable-infobars</arg>
<doc>Calls the named method of the given object with the provided arguments.</doc>
<status status="PASS" starttime="20230624 20:27:23.217" endtime="20230624 20:27:23.217"/>
</kw>
<kw name="Call Method" library="BuiltIn">
<arg>${options}</arg>
<arg>add_argument</arg>
<arg>--disable-browser-side-navigation</arg>
<doc>Calls the named method of the given object with the provided arguments.</doc>
<status status="PASS" starttime="20230624 20:27:23.217" endtime="20230624 20:27:23.217"/>
</kw>
<kw name="Call Method" library="BuiltIn">
<arg>${options}</arg>
<arg>add_argument</arg>
<arg>--disable-gpu</arg>
<doc>Calls the named method of the given object with the provided arguments.</doc>
<status status="PASS" starttime="20230624 20:27:23.217" endtime="20230624 20:27:23.217"/>
</kw>
<kw name="Call Method" library="BuiltIn">
<arg>${options}</arg>
<arg>add_argument</arg>
<arg>--safebrowsing-disable-download-protection</arg>
<doc>Calls the named method of the given object with the provided arguments.</doc>
<status status="PASS" starttime="20230624 20:27:23.217" endtime="20230624 20:27:23.217"/>
</kw>
<kw name="Call Method" library="BuiltIn">
<arg>${options}</arg>
<arg>add_argument</arg>
<arg>--ignore-certificate-errors</arg>
<doc>Calls the named method of the given object with the provided arguments.</doc>
<status status="PASS" starttime="20230624 20:27:23.218" endtime="20230624 20:27:23.218"/>
</kw>
<kw name="Call Method" library="BuiltIn">
<arg>${options}</arg>
<arg>add_argument</arg>
<arg>--acceptSslCerts</arg>
<doc>Calls the named method of the given object with the provided arguments.</doc>
<status status="PASS" starttime="20230624 20:27:23.218" endtime="20230624 20:27:23.218"/>
</kw>
<kw name="Call Method" library="BuiltIn">
<arg>${options}</arg>
<arg>add_argument</arg>
<arg>--disable-dev-shm-usage</arg>
<doc>Calls the named method of the given object with the provided arguments.</doc>
<status status="PASS" starttime="20230624 20:27:23.218" endtime="20230624 20:27:23.218"/>
</kw>
<kw name="Evaluate" library="BuiltIn">
<var>${name}</var>
<arg>platform.system()</arg>
<arg>platform</arg>
<doc>Evaluates the given expression in Python and returns the result.</doc>
<msg timestamp="20230624 20:27:23.300" level="INFO">${name} = Windows</msg>
<status status="PASS" starttime="20230624 20:27:23.218" endtime="20230624 20:27:23.300"/>
</kw>
<if>
<branch type="IF" condition="$name.lower() == 'linux'">
<kw name="Set Variable" library="BuiltIn">
<var>${ws}</var>
<arg>window-size=1366,768</arg>
<doc>Returns the given values which can then be assigned to a variables.</doc>
<status status="NOT RUN" starttime="20230624 20:27:23.302" endtime="20230624 20:27:23.302"/>
</kw>
<kw name="Call Method" library="BuiltIn">
<arg>${options}</arg>
<arg>add_argument</arg>
<arg>--${ws}</arg>
<doc>Calls the named method of the given object with the provided arguments.</doc>
<status status="NOT RUN" starttime="20230624 20:27:23.302" endtime="20230624 20:27:23.302"/>
</kw>
<status status="NOT RUN" starttime="20230624 20:27:23.302" endtime="20230624 20:27:23.302"/>
</branch>
<status status="PASS" starttime="20230624 20:27:23.300" endtime="20230624 20:27:23.302"/>
</if>
<kw name="Call Method" library="BuiltIn">
<arg>${options}</arg>
<arg>add_experimental_option</arg>
<arg>prefs</arg>
<arg>${prefs}</arg>
<doc>Calls the named method of the given object with the provided arguments.</doc>
<status status="PASS" starttime="20230624 20:27:23.302" endtime="20230624 20:27:23.302"/>
</kw>
<kw name="Open Browser" library="SeleniumLibrary">
<arg>${url}</arg>
<arg>chrome</arg>
<arg>options=${options}</arg>
<doc>Opens a new browser instance to the optional ``url``.</doc>
<msg timestamp="20230624 20:27:23.302" level="INFO">Opening browser 'chrome' to base url 'https://ameps.com.br/'.</msg>
<status status="PASS" starttime="20230624 20:27:23.302" endtime="20230624 20:27:26.605"/>
</kw>
<status status="PASS" starttime="20230624 20:27:23.215" endtime="20230624 20:27:26.605"/>
</kw>
<test id="s1-t1" name="Validação funcionamento basico AMEPS - Home" line="11">
<kw name="Dado que acesso a home do site" library="testes">
<msg timestamp="20230624 20:27:26.608" level="FAIL">User keyword 'Dado que acesso a home do site' contains no keywords.</msg>
<status status="FAIL" starttime="20230624 20:27:26.607" endtime="20230624 20:27:26.608"/>
</kw>
<kw name="Então os elemntos da home devera ser carregados com sucesso" library="testes">
<status status="NOT RUN" starttime="20230624 20:27:26.608" endtime="20230624 20:27:26.608"/>
</kw>
<kw name="Evidênciar teste" library="global" type="TEARDOWN">
<kw name="Capture Page Screenshot" library="SeleniumLibrary">
<doc>Takes a screenshot of the current page and embeds it into a log file.</doc>
<msg timestamp="20230624 20:27:26.804" level="INFO" html="true">&lt;/td&gt;&lt;/tr&gt;&lt;tr&gt;&lt;td colspan="3"&gt;&lt;a href="selenium-screenshot-1.png"&gt;&lt;img src="selenium-screenshot-1.png" width="800px"&gt;&lt;/a&gt;</msg>
<status status="PASS" starttime="20230624 20:27:26.609" endtime="20230624 20:27:26.805"/>
</kw>
<status status="PASS" starttime="20230624 20:27:26.609" endtime="20230624 20:27:26.805"/>
</kw>
<status status="FAIL" starttime="20230624 20:27:26.605" endtime="20230624 20:27:26.805">User keyword 'Dado que acesso a home do site' contains no keywords.</status>
</test>
<status status="FAIL" starttime="20230624 20:27:22.933" endtime="20230624 20:27:26.807"/>
</suite>
<statistics>
<total>
<stat pass="0" fail="1" skip="0">All Tests</stat>
</total>
<tag>
</tag>
<suite>
<stat pass="0" fail="1" skip="0" id="s1" name="Testes">Testes</stat>
</suite>
</statistics>
<errors>
</errors>
</robot>
